This file contains any messages produced by compilers while
running configure, to aid debugging if configure makes a mistake.

It was created by decNumber configure 3.6.8, which was
generated by GNU Autoconf 2.66.  Invocation command line was

  $ ./configure --with-pic=yes

## --------- ##
## Platform. ##
## --------- ##

hostname = concolor.rubypanther.com
uname -m = x86_64
uname -r = 2.6.35.14-95.fc14.x86_64
uname -s = Linux
uname -v = #1 SMP Tue Aug 16 21:01:58 UTC 2011

/usr/bin/uname -p = unknown
/bin/uname -X     = unknown

/bin/arch              = x86_64
/usr/bin/arch -k       = unknown
/usr/convex/getsysinfo = unknown
/usr/bin/hostinfo      = unknown
/bin/machine           = unknown
/usr/bin/oslevel       = unknown
/bin/universe          = unknown

PATH: /home/paris/.rvm/gems/ruby-1.9.2-p290/bin
PATH: /home/paris/.rvm/gems/ruby-1.9.2-p290@global/bin
PATH: /home/paris/.rvm/rubies/ruby-1.9.2-p290/bin
PATH: /home/paris/.rvm/bin
PATH: /usr/lib64/qt-3.3/bin
PATH: /usr/lib64/ccache
PATH: /usr/local/bin
PATH: /usr/bin
PATH: /bin
PATH: /usr/local/sbin
PATH: /usr/sbin
PATH: /sbin
PATH: /home/paris/bin


## ----------- ##
## Core tests. ##
## ----------- ##

configure:2388: checking for a BSD-compatible install
configure:2456: result: /usr/bin/install -c
configure:2467: checking whether build environment is sane
configure:2517: result: yes
configure:2658: checking for a thread-safe mkdir -p
configure:2697: result: /bin/mkdir -p
configure:2710: checking for gawk
configure:2726: found /usr/bin/gawk
configure:2737: result: gawk
configure:2748: checking whether make sets $(MAKE)
configure:2770: result: yes
configure:2905: checking for gcc
configure:2921: found /usr/lib64/ccache/gcc
configure:2932: result: gcc
configure:3161: checking for C compiler version
configure:3170: gcc --version >&5
gcc (GCC) 4.5.1 20100924 (Red Hat 4.5.1-4)
Copyright (C) 2010 Free Software Foundation, Inc.
This is free software; see the source for copying conditions.  There is NO
warranty; not even for MERCHANTABILITY or FITNESS FOR A PARTICULAR PURPOSE.

configure:3181: $? = 0
configure:3170: gcc -v >&5
Using built-in specs.
COLLECT_GCC=/usr/bin/gcc
COLLECT_LTO_WRAPPER=/usr/libexec/gcc/x86_64-redhat-linux/4.5.1/lto-wrapper
Target: x86_64-redhat-linux
Configured with: ../configure --prefix=/usr --mandir=/usr/share/man --infodir=/usr/share/info --with-bugurl=http://bugzilla.redhat.com/bugzilla --enable-bootstrap --enable-shared --enable-threads=posix --enable-checking=release --with-system-zlib --enable-__cxa_atexit --disable-libunwind-exceptions --enable-gnu-unique-object --enable-linker-build-id --enable-languages=c,c++,objc,obj-c++,java,fortran,ada,lto --enable-plugin --enable-java-awt=gtk --disable-dssi --with-java-home=/usr/lib/jvm/java-1.5.0-gcj-1.5.0.0/jre --enable-libgcj-multifile --enable-java-maintainer-mode --with-ecj-jar=/usr/share/java/eclipse-ecj.jar --disable-libjava-multilib --with-ppl --with-cloog --with-tune=generic --with-arch_32=i686 --build=x86_64-redhat-linux
Thread model: posix
gcc version 4.5.1 20100924 (Red Hat 4.5.1-4) (GCC) 
configure:3181: $? = 0
configure:3170: gcc -V >&5
gcc: '-V' option must have argument
configure:3181: $? = 1
configure:3170: gcc -qversion >&5
gcc: unrecognized option '-qversion'
gcc: no input files
configure:3181: $? = 1
configure:3201: checking whether the C compiler works
configure:3223: gcc    conftest.c  >&5
configure:3227: $? = 0
configure:3275: result: yes
configure:3278: checking for C compiler default output file name
configure:3280: result: a.out
configure:3286: checking for suffix of executables
configure:3293: gcc -o conftest    conftest.c  >&5
configure:3297: $? = 0
configure:3319: result: 
configure:3341: checking whether we are cross compiling
configure:3349: gcc -o conftest    conftest.c  >&5
configure:3353: $? = 0
configure:3360: ./conftest
configure:3364: $? = 0
configure:3379: result: no
configure:3384: checking for suffix of object files
configure:3406: gcc -c   conftest.c >&5
configure:3410: $? = 0
configure:3431: result: o
configure:3435: checking whether we are using the GNU C compiler
configure:3454: gcc -c   conftest.c >&5
configure:3454: $? = 0
configure:3463: result: yes
configure:3472: checking whether gcc accepts -g
configure:3492: gcc -c -g  conftest.c >&5
configure:3492: $? = 0
configure:3533: result: yes
configure:3550: checking for gcc option to accept ISO C89
configure:3614: gcc  -c -g -O2  conftest.c >&5
configure:3614: $? = 0
configure:3627: result: none needed
configure:3658: checking for style of include used by make
configure:3686: result: GNU
configure:3711: checking dependency style of gcc
configure:3821: result: gcc3
configure:3865: checking build system type
configure:3879: result: x86_64-unknown-linux-gnu
configure:3899: checking host system type
configure:3912: result: x86_64-unknown-linux-gnu
configure:3953: checking how to print strings
configure:3980: result: printf
configure:4001: checking for a sed that does not truncate output
configure:4065: result: /bin/sed
configure:4083: checking for grep that handles long lines and -e
configure:4141: result: /bin/grep
configure:4146: checking for egrep
configure:4208: result: /bin/grep -E
configure:4213: checking for fgrep
configure:4275: result: /bin/grep -F
configure:4310: checking for ld used by gcc
configure:4377: result: /usr/bin/ld
configure:4384: checking if the linker (/usr/bin/ld) is GNU ld
configure:4399: result: yes
configure:4411: checking for BSD- or MS-compatible name lister (nm)
configure:4460: result: /usr/bin/nm -B
configure:4590: checking the name lister (/usr/bin/nm -B) interface
configure:4597: gcc -c -g -O2  conftest.c >&5
configure:4600: /usr/bin/nm -B "conftest.o"
configure:4603: output
0000000000000000 B some_variable
configure:4610: result: BSD nm
configure:4613: checking whether ln -s works
configure:4617: result: yes
configure:4625: checking the maximum length of command line arguments
configure:4750: result: 1572864
configure:4767: checking whether the shell understands some XSI constructs
configure:4777: result: yes
configure:4781: checking whether the shell understands "+="
configure:4787: result: yes
configure:4822: checking for /usr/bin/ld option to reload object files
configure:4829: result: -r
configure:4898: checking for objdump
configure:4914: found /usr/bin/objdump
configure:4925: result: objdump
configure:4957: checking how to recognize dependent libraries
configure:5159: result: pass_all
configure:5219: checking for ar
configure:5235: found /usr/bin/ar
configure:5246: result: ar
configure:5324: checking for strip
configure:5340: found /usr/bin/strip
configure:5351: result: strip
configure:5423: checking for ranlib
configure:5439: found /usr/bin/ranlib
configure:5450: result: ranlib
configure:5552: checking command to parse /usr/bin/nm -B output from gcc object
configure:5670: gcc -c -g -O2  conftest.c >&5
configure:5673: $? = 0
configure:5677: /usr/bin/nm -B conftest.o \| sed -n -e 's/^.*[ ]\([ABCDGIRSTW][ABCDGIRSTW]*\)[ ][ ]*\([_A-Za-z][_A-Za-z0-9]*\)$/\1 \2 \2/p' \> conftest.nm
configure:5680: $? = 0
configure:5734: gcc -o conftest -g -O2   conftest.c conftstm.o >&5
configure:5737: $? = 0
configure:5775: result: ok
configure:5871: gcc -c -g -O2  conftest.c >&5
configure:5874: $? = 0
configure:6616: checking how to run the C preprocessor
configure:6647: gcc -E  conftest.c
configure:6647: $? = 0
configure:6661: gcc -E  conftest.c
conftest.c:11:28: fatal error: ac_nonexistent.h: No such file or directory
compilation terminated.
configure:6661: $? = 1
configure: failed program was:
| /* confdefs.h */
| #define PACKAGE_NAME "decNumber"
| #define PACKAGE_TARNAME "decnumber"
| #define PACKAGE_VERSION "3.6.8"
| #define PACKAGE_STRING "decNumber 3.6.8"
| #define PACKAGE_BUGREPORT "mfc@uk.ibm.com"
| #define PACKAGE_URL ""
| #define PACKAGE "decnumber"
| #define VERSION "3.6.8"
| /* end confdefs.h.  */
| #include <ac_nonexistent.h>
configure:6686: result: gcc -E
configure:6706: gcc -E  conftest.c
configure:6706: $? = 0
configure:6720: gcc -E  conftest.c
conftest.c:11:28: fatal error: ac_nonexistent.h: No such file or directory
compilation terminated.
configure:6720: $? = 1
configure: failed program was:
| /* confdefs.h */
| #define PACKAGE_NAME "decNumber"
| #define PACKAGE_TARNAME "decnumber"
| #define PACKAGE_VERSION "3.6.8"
| #define PACKAGE_STRING "decNumber 3.6.8"
| #define PACKAGE_BUGREPORT "mfc@uk.ibm.com"
| #define PACKAGE_URL ""
| #define PACKAGE "decnumber"
| #define VERSION "3.6.8"
| /* end confdefs.h.  */
| #include <ac_nonexistent.h>
configure:6749: checking for ANSI C header files
configure:6769: gcc -c -g -O2  conftest.c >&5
configure:6769: $? = 0
configure:6842: gcc -o conftest -g -O2   conftest.c  >&5
configure:6842: $? = 0
configure:6842: ./conftest
configure:6842: $? = 0
configure:6853: result: yes
configure:6866: checking for sys/types.h
configure:6866: gcc -c -g -O2  conftest.c >&5
configure:6866: $? = 0
configure:6866: result: yes
configure:6866: checking for sys/stat.h
configure:6866: gcc -c -g -O2  conftest.c >&5
configure:6866: $? = 0
configure:6866: result: yes
configure:6866: checking for stdlib.h
configure:6866: gcc -c -g -O2  conftest.c >&5
configure:6866: $? = 0
configure:6866: result: yes
configure:6866: checking for string.h
configure:6866: gcc -c -g -O2  conftest.c >&5
configure:6866: $? = 0
configure:6866: result: yes
configure:6866: checking for memory.h
configure:6866: gcc -c -g -O2  conftest.c >&5
configure:6866: $? = 0
configure:6866: result: yes
configure:6866: checking for strings.h
configure:6866: gcc -c -g -O2  conftest.c >&5
configure:6866: $? = 0
configure:6866: result: yes
configure:6866: checking for inttypes.h
configure:6866: gcc -c -g -O2  conftest.c >&5
configure:6866: $? = 0
configure:6866: result: yes
configure:6866: checking for stdint.h
configure:6866: gcc -c -g -O2  conftest.c >&5
configure:6866: $? = 0
configure:6866: result: yes
configure:6866: checking for unistd.h
configure:6866: gcc -c -g -O2  conftest.c >&5
configure:6866: $? = 0
configure:6866: result: yes
configure:6880: checking for dlfcn.h
configure:6880: gcc -c -g -O2  conftest.c >&5
configure:6880: $? = 0
configure:6880: result: yes
configure:7067: checking for objdir
configure:7082: result: .libs
configure:7349: checking if gcc supports -fno-rtti -fno-exceptions
configure:7367: gcc -c -g -O2  -fno-rtti -fno-exceptions conftest.c >&5
cc1: warning: command line option "-fno-rtti" is valid for C++/ObjC++ but not for C
cc1: warning: command line option "-fno-rtti" is valid for C++/ObjC++ but not for C
configure:7371: $? = 0
configure:7384: result: no
configure:7404: checking for gcc option to produce PIC
configure:7689: result: -fPIC -DPIC
configure:7701: checking if gcc PIC flag -fPIC -DPIC works
configure:7719: gcc -c -g -O2  -fPIC -DPIC -DPIC conftest.c >&5
configure:7723: $? = 0
configure:7736: result: yes
configure:7760: checking if gcc static flag -static works
configure:7788: result: no
configure:7803: checking if gcc supports -c -o file.o
configure:7824: gcc -c -g -O2  -o out/conftest2.o conftest.c >&5
configure:7828: $? = 0
configure:7850: result: yes
configure:7858: checking if gcc supports -c -o file.o
configure:7905: result: yes
configure:7938: checking whether the gcc linker (/usr/bin/ld -m elf_x86_64) supports shared libraries
configure:9013: result: yes
configure:9050: checking whether -lc should be explicitly linked in
configure:9058: gcc -c -g -O2  conftest.c >&5
configure:9061: $? = 0
configure:9076: gcc -shared conftest.o  -v -Wl,-soname -Wl,conftest -o conftest 2\>\&1 \| /bin/grep  -lc  \>/dev/null 2\>\&1
configure:9079: $? = 0
configure:9093: result: no
configure:9258: checking dynamic linker characteristics
configure:9713: gcc -o conftest -g -O2   -Wl,-rpath -Wl,/foo conftest.c  >&5
configure:9713: $? = 0
configure:9939: result: GNU/Linux ld.so
configure:10046: checking how to hardcode library paths into programs
configure:10071: result: immediate
configure:10611: checking whether stripping libraries is possible
configure:10616: result: yes
configure:10651: checking if libtool supports shared libraries
configure:10653: result: yes
configure:10656: checking whether to build shared libraries
configure:10677: result: yes
configure:10680: checking whether to build static libraries
configure:10684: result: yes
configure:10726: checking for stdint.h
configure:10726: result: yes
configure:10726: checking for stdlib.h
configure:10726: result: yes
configure:10726: checking for string.h
configure:10726: result: yes
configure:10738: checking for stdbool.h that conforms to C99
configure:10823: gcc -c -g -O2  conftest.c >&5
configure:10823: $? = 0
configure:10830: result: yes
configure:10832: checking for _Bool
configure:10832: gcc -c -g -O2  conftest.c >&5
configure:10832: $? = 0
configure:10832: gcc -c -g -O2  conftest.c >&5
conftest.c: In function 'main':
conftest.c:62:20: error: expected expression before ')' token
configure:10832: $? = 1
configure: failed program was:
| /* confdefs.h */
| #define PACKAGE_NAME "decNumber"
| #define PACKAGE_TARNAME "decnumber"
| #define PACKAGE_VERSION "3.6.8"
| #define PACKAGE_STRING "decNumber 3.6.8"
| #define PACKAGE_BUGREPORT "mfc@uk.ibm.com"
| #define PACKAGE_URL ""
| #define PACKAGE "decnumber"
| #define VERSION "3.6.8"
| #define STDC_HEADERS 1
| #define HAVE_SYS_TYPES_H 1
| #define HAVE_SYS_STAT_H 1
| #define HAVE_STDLIB_H 1
| #define HAVE_STRING_H 1
| #define HAVE_MEMORY_H 1
| #define HAVE_STRINGS_H 1
| #define HAVE_INTTYPES_H 1
| #define HAVE_STDINT_H 1
| #define HAVE_UNISTD_H 1
| #define HAVE_DLFCN_H 1
| #define LT_OBJDIR ".libs/"
| #define HAVE_STDINT_H 1
| #define HAVE_STDLIB_H 1
| #define HAVE_STRING_H 1
| /* end confdefs.h.  */
| #include <stdio.h>
| #ifdef HAVE_SYS_TYPES_H
| # include <sys/types.h>
| #endif
| #ifdef HAVE_SYS_STAT_H
| # include <sys/stat.h>
| #endif
| #ifdef STDC_HEADERS
| # include <stdlib.h>
| # include <stddef.h>
| #else
| # ifdef HAVE_STDLIB_H
| #  include <stdlib.h>
| # endif
| #endif
| #ifdef HAVE_STRING_H
| # if !defined STDC_HEADERS && defined HAVE_MEMORY_H
| #  include <memory.h>
| # endif
| # include <string.h>
| #endif
| #ifdef HAVE_STRINGS_H
| # include <strings.h>
| #endif
| #ifdef HAVE_INTTYPES_H
| # include <inttypes.h>
| #endif
| #ifdef HAVE_STDINT_H
| # include <stdint.h>
| #endif
| #ifdef HAVE_UNISTD_H
| # include <unistd.h>
| #endif
| int
| main ()
| {
| if (sizeof ((_Bool)))
| 	    return 0;
|   ;
|   return 0;
| }
configure:10832: result: yes
configure:10848: checking for inline
configure:10864: gcc -c -g -O2  conftest.c >&5
configure:10864: $? = 0
configure:10872: result: inline
configure:10890: checking for int32_t
configure:10890: gcc -c -g -O2  conftest.c >&5
configure:10890: $? = 0
configure:10890: gcc -c -g -O2  conftest.c >&5
conftest.c: In function 'main':
conftest.c:66:53: warning: integer overflow in expression
conftest.c:65:12: error: size of array 'test_array' is negative
conftest.c:65:12: error: storage size of 'test_array' isn't constant
configure:10890: $? = 1
configure: failed program was:
| /* confdefs.h */
| #define PACKAGE_NAME "decNumber"
| #define PACKAGE_TARNAME "decnumber"
| #define PACKAGE_VERSION "3.6.8"
| #define PACKAGE_STRING "decNumber 3.6.8"
| #define PACKAGE_BUGREPORT "mfc@uk.ibm.com"
| #define PACKAGE_URL ""
| #define PACKAGE "decnumber"
| #define VERSION "3.6.8"
| #define STDC_HEADERS 1
| #define HAVE_SYS_TYPES_H 1
| #define HAVE_SYS_STAT_H 1
| #define HAVE_STDLIB_H 1
| #define HAVE_STRING_H 1
| #define HAVE_MEMORY_H 1
| #define HAVE_STRINGS_H 1
| #define HAVE_INTTYPES_H 1
| #define HAVE_STDINT_H 1
| #define HAVE_UNISTD_H 1
| #define HAVE_DLFCN_H 1
| #define LT_OBJDIR ".libs/"
| #define HAVE_STDINT_H 1
| #define HAVE_STDLIB_H 1
| #define HAVE_STRING_H 1
| #define HAVE__BOOL 1
| #define HAVE_STDBOOL_H 1
| /* end confdefs.h.  */
| #include <stdio.h>
| #ifdef HAVE_SYS_TYPES_H
| # include <sys/types.h>
| #endif
| #ifdef HAVE_SYS_STAT_H
| # include <sys/stat.h>
| #endif
| #ifdef STDC_HEADERS
| # include <stdlib.h>
| # include <stddef.h>
| #else
| # ifdef HAVE_STDLIB_H
| #  include <stdlib.h>
| # endif
| #endif
| #ifdef HAVE_STRING_H
| # if !defined STDC_HEADERS && defined HAVE_MEMORY_H
| #  include <memory.h>
| # endif
| # include <string.h>
| #endif
| #ifdef HAVE_STRINGS_H
| # include <strings.h>
| #endif
| #ifdef HAVE_INTTYPES_H
| # include <inttypes.h>
| #endif
| #ifdef HAVE_STDINT_H
| # include <stdint.h>
| #endif
| #ifdef HAVE_UNISTD_H
| # include <unistd.h>
| #endif
| 	        enum { N = 32 / 2 - 1 };
| int
| main ()
| {
| static int test_array [1 - 2 * !((int32_t) (((((int32_t) 1 << N) << N) - 1) * 2 + 1)
| 		 < (int32_t) (((((int32_t) 1 << N) << N) - 1) * 2 + 2))];
| test_array [0] = 0
| 
|   ;
|   return 0;
| }
configure:10890: result: yes
configure:10901: checking for C/C++ restrict keyword
configure:10926: gcc -c -g -O2  conftest.c >&5
configure:10926: $? = 0
configure:10934: result: __restrict
configure:10947: checking for size_t
configure:10947: gcc -c -g -O2  conftest.c >&5
configure:10947: $? = 0
configure:10947: gcc -c -g -O2  conftest.c >&5
conftest.c: In function 'main':
conftest.c:65:21: error: expected expression before ')' token
configure:10947: $? = 1
configure: failed program was:
| /* confdefs.h */
| #define PACKAGE_NAME "decNumber"
| #define PACKAGE_TARNAME "decnumber"
| #define PACKAGE_VERSION "3.6.8"
| #define PACKAGE_STRING "decNumber 3.6.8"
| #define PACKAGE_BUGREPORT "mfc@uk.ibm.com"
| #define PACKAGE_URL ""
| #define PACKAGE "decnumber"
| #define VERSION "3.6.8"
| #define STDC_HEADERS 1
| #define HAVE_SYS_TYPES_H 1
| #define HAVE_SYS_STAT_H 1
| #define HAVE_STDLIB_H 1
| #define HAVE_STRING_H 1
| #define HAVE_MEMORY_H 1
| #define HAVE_STRINGS_H 1
| #define HAVE_INTTYPES_H 1
| #define HAVE_STDINT_H 1
| #define HAVE_UNISTD_H 1
| #define HAVE_DLFCN_H 1
| #define LT_OBJDIR ".libs/"
| #define HAVE_STDINT_H 1
| #define HAVE_STDLIB_H 1
| #define HAVE_STRING_H 1
| #define HAVE__BOOL 1
| #define HAVE_STDBOOL_H 1
| #define restrict __restrict
| /* end confdefs.h.  */
| #include <stdio.h>
| #ifdef HAVE_SYS_TYPES_H
| # include <sys/types.h>
| #endif
| #ifdef HAVE_SYS_STAT_H
| # include <sys/stat.h>
| #endif
| #ifdef STDC_HEADERS
| # include <stdlib.h>
| # include <stddef.h>
| #else
| # ifdef HAVE_STDLIB_H
| #  include <stdlib.h>
| # endif
| #endif
| #ifdef HAVE_STRING_H
| # if !defined STDC_HEADERS && defined HAVE_MEMORY_H
| #  include <memory.h>
| # endif
| # include <string.h>
| #endif
| #ifdef HAVE_STRINGS_H
| # include <strings.h>
| #endif
| #ifdef HAVE_INTTYPES_H
| # include <inttypes.h>
| #endif
| #ifdef HAVE_STDINT_H
| # include <stdint.h>
| #endif
| #ifdef HAVE_UNISTD_H
| # include <unistd.h>
| #endif
| int
| main ()
| {
| if (sizeof ((size_t)))
| 	    return 0;
|   ;
|   return 0;
| }
configure:10947: result: yes
configure:10958: checking for uint16_t
configure:10958: gcc -c -g -O2  conftest.c >&5
configure:10958: $? = 0
configure:10958: result: yes
configure:10970: checking for uint32_t
configure:10970: gcc -c -g -O2  conftest.c >&5
configure:10970: $? = 0
configure:10970: result: yes
configure:10984: checking for uint64_t
configure:10984: gcc -c -g -O2  conftest.c >&5
configure:10984: $? = 0
configure:10984: result: yes
configure:10998: checking for uint8_t
configure:10998: gcc -c -g -O2  conftest.c >&5
configure:10998: $? = 0
configure:10998: result: yes
configure:11014: checking for error_at_line
configure:11030: gcc -o conftest -g -O2   conftest.c  >&5
configure:11030: $? = 0
configure:11038: result: yes
configure:11051: checking for stdlib.h
configure:11051: result: yes
configure:11061: checking for GNU libc compatible malloc
configure:11085: gcc -o conftest -g -O2   conftest.c  >&5
configure:11085: $? = 0
configure:11085: ./conftest
configure:11085: $? = 0
configure:11095: result: yes
configure:11119: checking for floor
configure:11119: gcc -o conftest -g -O2   conftest.c  >&5
conftest.c:54:6: warning: conflicting types for built-in function 'floor'
/tmp/ccfaxijE.o: In function `main':
/home/paris/code/rp/rp_money/ext/dec_number/decNumber/conftest.c:65: undefined reference to `floor'
collect2: ld returned 1 exit status
configure:11119: $? = 1
configure: failed program was:
| /* confdefs.h */
| #define PACKAGE_NAME "decNumber"
| #define PACKAGE_TARNAME "decnumber"
| #define PACKAGE_VERSION "3.6.8"
| #define PACKAGE_STRING "decNumber 3.6.8"
| #define PACKAGE_BUGREPORT "mfc@uk.ibm.com"
| #define PACKAGE_URL ""
| #define PACKAGE "decnumber"
| #define VERSION "3.6.8"
| #define STDC_HEADERS 1
| #define HAVE_SYS_TYPES_H 1
| #define HAVE_SYS_STAT_H 1
| #define HAVE_STDLIB_H 1
| #define HAVE_STRING_H 1
| #define HAVE_MEMORY_H 1
| #define HAVE_STRINGS_H 1
| #define HAVE_INTTYPES_H 1
| #define HAVE_STDINT_H 1
| #define HAVE_UNISTD_H 1
| #define HAVE_DLFCN_H 1
| #define LT_OBJDIR ".libs/"
| #define HAVE_STDINT_H 1
| #define HAVE_STDLIB_H 1
| #define HAVE_STRING_H 1
| #define HAVE__BOOL 1
| #define HAVE_STDBOOL_H 1
| #define restrict __restrict
| #define HAVE_STDLIB_H 1
| #define HAVE_MALLOC 1
| /* end confdefs.h.  */
| /* Define floor to an innocuous variant, in case <limits.h> declares floor.
|    For example, HP-UX 11i <limits.h> declares gettimeofday.  */
| #define floor innocuous_floor
| 
| /* System header to define __stub macros and hopefully few prototypes,
|     which can conflict with char floor (); below.
|     Prefer <limits.h> to <assert.h> if __STDC__ is defined, since
|     <limits.h> exists even on freestanding compilers.  */
| 
| #ifdef __STDC__
| # include <limits.h>
| #else
| # include <assert.h>
| #endif
| 
| #undef floor
| 
| /* Override any GCC internal prototype to avoid an error.
|    Use char because int might match the return type of a GCC
|    builtin and then its argument prototype would still apply.  */
| #ifdef __cplusplus
| extern "C"
| #endif
| char floor ();
| /* The GNU C library defines this for functions which it implements
|     to always fail with ENOSYS.  Some functions are actually named
|     something starting with __ and the normal name is an alias.  */
| #if defined __stub_floor || defined __stub___floor
| choke me
| #endif
| 
| int
| main ()
| {
| return floor ();
|   ;
|   return 0;
| }
configure:11119: result: no
configure:11119: checking for memset
configure:11119: gcc -o conftest -g -O2   conftest.c  >&5
conftest.c:54:6: warning: conflicting types for built-in function 'memset'
configure:11119: $? = 0
configure:11119: result: yes
configure:11119: checking for sqrt
configure:11119: gcc -o conftest -g -O2   conftest.c  >&5
conftest.c:55:6: warning: conflicting types for built-in function 'sqrt'
/tmp/cc1Re9QZ.o: In function `main':
/home/paris/code/rp/rp_money/ext/dec_number/decNumber/conftest.c:66: undefined reference to `sqrt'
collect2: ld returned 1 exit status
configure:11119: $? = 1
configure: failed program was:
| /* confdefs.h */
| #define PACKAGE_NAME "decNumber"
| #define PACKAGE_TARNAME "decnumber"
| #define PACKAGE_VERSION "3.6.8"
| #define PACKAGE_STRING "decNumber 3.6.8"
| #define PACKAGE_BUGREPORT "mfc@uk.ibm.com"
| #define PACKAGE_URL ""
| #define PACKAGE "decnumber"
| #define VERSION "3.6.8"
| #define STDC_HEADERS 1
| #define HAVE_SYS_TYPES_H 1
| #define HAVE_SYS_STAT_H 1
| #define HAVE_STDLIB_H 1
| #define HAVE_STRING_H 1
| #define HAVE_MEMORY_H 1
| #define HAVE_STRINGS_H 1
| #define HAVE_INTTYPES_H 1
| #define HAVE_STDINT_H 1
| #define HAVE_UNISTD_H 1
| #define HAVE_DLFCN_H 1
| #define LT_OBJDIR ".libs/"
| #define HAVE_STDINT_H 1
| #define HAVE_STDLIB_H 1
| #define HAVE_STRING_H 1
| #define HAVE__BOOL 1
| #define HAVE_STDBOOL_H 1
| #define restrict __restrict
| #define HAVE_STDLIB_H 1
| #define HAVE_MALLOC 1
| #define HAVE_MEMSET 1
| /* end confdefs.h.  */
| /* Define sqrt to an innocuous variant, in case <limits.h> declares sqrt.
|    For example, HP-UX 11i <limits.h> declares gettimeofday.  */
| #define sqrt innocuous_sqrt
| 
| /* System header to define __stub macros and hopefully few prototypes,
|     which can conflict with char sqrt (); below.
|     Prefer <limits.h> to <assert.h> if __STDC__ is defined, since
|     <limits.h> exists even on freestanding compilers.  */
| 
| #ifdef __STDC__
| # include <limits.h>
| #else
| # include <assert.h>
| #endif
| 
| #undef sqrt
| 
| /* Override any GCC internal prototype to avoid an error.
|    Use char because int might match the return type of a GCC
|    builtin and then its argument prototype would still apply.  */
| #ifdef __cplusplus
| extern "C"
| #endif
| char sqrt ();
| /* The GNU C library defines this for functions which it implements
|     to always fail with ENOSYS.  Some functions are actually named
|     something starting with __ and the normal name is an alias.  */
| #if defined __stub_sqrt || defined __stub___sqrt
| choke me
| #endif
| 
| int
| main ()
| {
| return sqrt ();
|   ;
|   return 0;
| }
configure:11119: result: no
configure:11248: creating ./config.status

## ---------------------- ##
## Running config.status. ##
## ---------------------- ##

This file was extended by decNumber config.status 3.6.8, which was
generated by GNU Autoconf 2.66.  Invocation command line was

  CONFIG_FILES    = 
  CONFIG_HEADERS  = 
  CONFIG_LINKS    = 
  CONFIG_COMMANDS = 
  $ ./config.status 

on concolor.rubypanther.com

config.status:1074: creating Makefile
config.status:1074: creating config.h
config.status:1302: executing depfiles commands
config.status:1302: executing libtool commands

## ---------------- ##
## Cache variables. ##
## ---------------- ##

ac_cv_build=x86_64-unknown-linux-gnu
ac_cv_c_compiler_gnu=yes
ac_cv_c_inline=inline
ac_cv_c_int32_t=yes
ac_cv_c_restrict=__restrict
ac_cv_c_uint16_t=yes
ac_cv_c_uint32_t=yes
ac_cv_c_uint64_t=yes
ac_cv_c_uint8_t=yes
ac_cv_env_CC_set=
ac_cv_env_CC_value=
ac_cv_env_CFLAGS_set=
ac_cv_env_CFLAGS_value=
ac_cv_env_CPPFLAGS_set=
ac_cv_env_CPPFLAGS_value=
ac_cv_env_CPP_set=
ac_cv_env_CPP_value=
ac_cv_env_LDFLAGS_set=
ac_cv_env_LDFLAGS_value=
ac_cv_env_LIBS_set=
ac_cv_env_LIBS_value=
ac_cv_env_build_alias_set=
ac_cv_env_build_alias_value=
ac_cv_env_host_alias_set=
ac_cv_env_host_alias_value=
ac_cv_env_target_alias_set=
ac_cv_env_target_alias_value=
ac_cv_func_floor=no
ac_cv_func_malloc_0_nonnull=yes
ac_cv_func_memset=yes
ac_cv_func_sqrt=no
ac_cv_header_dlfcn_h=yes
ac_cv_header_inttypes_h=yes
ac_cv_header_memory_h=yes
ac_cv_header_stdbool_h=yes
ac_cv_header_stdc=yes
ac_cv_header_stdint_h=yes
ac_cv_header_stdlib_h=yes
ac_cv_header_string_h=yes
ac_cv_header_strings_h=yes
ac_cv_header_sys_stat_h=yes
ac_cv_header_sys_types_h=yes
ac_cv_header_unistd_h=yes
ac_cv_host=x86_64-unknown-linux-gnu
ac_cv_lib_error_at_line=yes
ac_cv_objext=o
ac_cv_path_EGREP='/bin/grep -E'
ac_cv_path_FGREP='/bin/grep -F'
ac_cv_path_GREP=/bin/grep
ac_cv_path_SED=/bin/sed
ac_cv_path_install='/usr/bin/install -c'
ac_cv_path_mkdir=/bin/mkdir
ac_cv_prog_AWK=gawk
ac_cv_prog_CPP='gcc -E'
ac_cv_prog_ac_ct_AR=ar
ac_cv_prog_ac_ct_CC=gcc
ac_cv_prog_ac_ct_OBJDUMP=objdump
ac_cv_prog_ac_ct_RANLIB=ranlib
ac_cv_prog_ac_ct_STRIP=strip
ac_cv_prog_cc_c89=
ac_cv_prog_cc_g=yes
ac_cv_prog_make_make_set=yes
ac_cv_type__Bool=yes
ac_cv_type_size_t=yes
am_cv_CC_dependencies_compiler_type=gcc3
lt_cv_archive_cmds_need_lc=no
lt_cv_deplibs_check_method=pass_all
lt_cv_file_magic_cmd='$MAGIC_CMD'
lt_cv_file_magic_test_file=
lt_cv_ld_reload_flag=-r
lt_cv_nm_interface='BSD nm'
lt_cv_objdir=.libs
lt_cv_path_LD=/usr/bin/ld
lt_cv_path_NM='/usr/bin/nm -B'
lt_cv_prog_compiler_c_o=yes
lt_cv_prog_compiler_pic_works=yes
lt_cv_prog_compiler_rtti_exceptions=no
lt_cv_prog_compiler_static_works=no
lt_cv_prog_gnu_ld=yes
lt_cv_shlibpath_overrides_runpath=no
lt_cv_sys_global_symbol_pipe='sed -n -e '\''s/^.*[	 ]\([ABCDGIRSTW][ABCDGIRSTW]*\)[	 ][	 ]*\([_A-Za-z][_A-Za-z0-9]*\)$/\1 \2 \2/p'\'''
lt_cv_sys_global_symbol_to_c_name_address='sed -n -e '\''s/^: \([^ ]*\) $/  {\"\1\", (void *) 0},/p'\'' -e '\''s/^[ABCDGIRSTW]* \([^ ]*\) \([^ ]*\)$/  {"\2", (void *) \&\2},/p'\'''
lt_cv_sys_global_symbol_to_c_name_address_lib_prefix='sed -n -e '\''s/^: \([^ ]*\) $/  {\"\1\", (void *) 0},/p'\'' -e '\''s/^[ABCDGIRSTW]* \([^ ]*\) \(lib[^ ]*\)$/  {"\2", (void *) \&\2},/p'\'' -e '\''s/^[ABCDGIRSTW]* \([^ ]*\) \([^ ]*\)$/  {"lib\2", (void *) \&\2},/p'\'''
lt_cv_sys_global_symbol_to_cdecl='sed -n -e '\''s/^T .* \(.*\)$/extern int \1();/p'\'' -e '\''s/^[ABCDGIRSTW]* .* \(.*\)$/extern char \1;/p'\'''
lt_cv_sys_max_cmd_len=1572864

## ----------------- ##
## Output variables. ##
## ----------------- ##

ACLOCAL='${SHELL} /home/paris/code/rp/rp_money/ext/dec_number/decNumber/missing --run aclocal-1.11'
AMDEPBACKSLASH='\'
AMDEP_FALSE='#'
AMDEP_TRUE=''
AMTAR='${SHELL} /home/paris/code/rp/rp_money/ext/dec_number/decNumber/missing --run tar'
AR='ar'
AUTOCONF='${SHELL} /home/paris/code/rp/rp_money/ext/dec_number/decNumber/missing --run autoconf'
AUTOHEADER='${SHELL} /home/paris/code/rp/rp_money/ext/dec_number/decNumber/missing --run autoheader'
AUTOMAKE='${SHELL} /home/paris/code/rp/rp_money/ext/dec_number/decNumber/missing --run automake-1.11'
AWK='gawk'
CC='gcc'
CCDEPMODE='depmode=gcc3'
CFLAGS='-g -O2'
CPP='gcc -E'
CPPFLAGS=''
CYGPATH_W='echo'
DEFS='-DHAVE_CONFIG_H'
DEPDIR='.deps'
DSYMUTIL=''
DUMPBIN=''
ECHO_C=''
ECHO_N='-n'
ECHO_T=''
EGREP='/bin/grep -E'
EXEEXT=''
FGREP='/bin/grep -F'
GREP='/bin/grep'
INSTALL_DATA='${INSTALL} -m 644'
INSTALL_PROGRAM='${INSTALL}'
INSTALL_SCRIPT='${INSTALL}'
INSTALL_STRIP_PROGRAM='$(install_sh) -c -s'
LD='/usr/bin/ld -m elf_x86_64'
LDFLAGS=''
LIBOBJS=''
LIBS=''
LIBTOOL='$(SHELL) $(top_builddir)/libtool'
LIPO=''
LN_S='ln -s'
LTLIBOBJS=''
MAKEINFO='${SHELL} /home/paris/code/rp/rp_money/ext/dec_number/decNumber/missing --run makeinfo'
MKDIR_P='/bin/mkdir -p'
NM='/usr/bin/nm -B'
NMEDIT=''
OBJDUMP='objdump'
OBJEXT='o'
OTOOL64=''
OTOOL=''
PACKAGE='decnumber'
PACKAGE_BUGREPORT='mfc@uk.ibm.com'
PACKAGE_NAME='decNumber'
PACKAGE_STRING='decNumber 3.6.8'
PACKAGE_TARNAME='decnumber'
PACKAGE_URL=''
PACKAGE_VERSION='3.6.8'
PATH_SEPARATOR=':'
RANLIB='ranlib'
SED='/bin/sed'
SET_MAKE=''
SHELL='/bin/sh'
STRIP='strip'
VERSION='3.6.8'
ac_ct_CC='gcc'
ac_ct_DUMPBIN=''
am__EXEEXT_FALSE=''
am__EXEEXT_TRUE='#'
am__fastdepCC_FALSE='#'
am__fastdepCC_TRUE=''
am__include='include'
am__isrc=''
am__leading_dot='.'
am__quote=''
am__tar='${AMTAR} chof - "$$tardir"'
am__untar='${AMTAR} xf -'
bindir='${exec_prefix}/bin'
build='x86_64-unknown-linux-gnu'
build_alias=''
build_cpu='x86_64'
build_os='linux-gnu'
build_vendor='unknown'
datadir='${datarootdir}'
datarootdir='${prefix}/share'
docdir='${datarootdir}/doc/${PACKAGE_TARNAME}'
dvidir='${docdir}'
exec_prefix='${prefix}'
host='x86_64-unknown-linux-gnu'
host_alias=''
host_cpu='x86_64'
host_os='linux-gnu'
host_vendor='unknown'
htmldir='${docdir}'
includedir='${prefix}/include'
infodir='${datarootdir}/info'
install_sh='${SHELL} /home/paris/code/rp/rp_money/ext/dec_number/decNumber/install-sh'
libdir='${exec_prefix}/lib'
libexecdir='${exec_prefix}/libexec'
localedir='${datarootdir}/locale'
localstatedir='${prefix}/var'
mandir='${datarootdir}/man'
mkdir_p='/bin/mkdir -p'
oldincludedir='/usr/include'
pdfdir='${docdir}'
prefix='/usr/local'
program_transform_name='s,x,x,'
psdir='${docdir}'
sbindir='${exec_prefix}/sbin'
sharedstatedir='${prefix}/com'
sysconfdir='${prefix}/etc'
target_alias=''

## ----------- ##
## confdefs.h. ##
## ----------- ##

/* confdefs.h */
#define PACKAGE_NAME "decNumber"
#define PACKAGE_TARNAME "decnumber"
#define PACKAGE_VERSION "3.6.8"
#define PACKAGE_STRING "decNumber 3.6.8"
#define PACKAGE_BUGREPORT "mfc@uk.ibm.com"
#define PACKAGE_URL ""
#define PACKAGE "decnumber"
#define VERSION "3.6.8"
#define STDC_HEADERS 1
#define HAVE_SYS_TYPES_H 1
#define HAVE_SYS_STAT_H 1
#define HAVE_STDLIB_H 1
#define HAVE_STRING_H 1
#define HAVE_MEMORY_H 1
#define HAVE_STRINGS_H 1
#define HAVE_INTTYPES_H 1
#define HAVE_STDINT_H 1
#define HAVE_UNISTD_H 1
#define HAVE_DLFCN_H 1
#define LT_OBJDIR ".libs/"
#define HAVE_STDINT_H 1
#define HAVE_STDLIB_H 1
#define HAVE_STRING_H 1
#define HAVE__BOOL 1
#define HAVE_STDBOOL_H 1
#define restrict __restrict
#define HAVE_STDLIB_H 1
#define HAVE_MALLOC 1
#define HAVE_MEMSET 1

configure: exit 0
